rename: renaming core-img/extjs/aero/grid/grid-vista-hd.gif to core-img/extjs/aero/grid/gridy/A-Z/a-z/ista-hd.gif failed: No such file or directory
rename: renaming core-img/extjs/default/grid/grid-vista-hd.gif to core-img/extjs/default/grid/gridy/A-Z/a-z/ista-hd.gif failed: No such file or directory
rename: renaming core-img/extjs/vista/grid/grid-vista-hd.gif to core-img/extjs/vista/grid/gridy/A-Z/a-z/ista-hd.gif failed: No such file or directory
rename: renaming hypervm/httpdocs/htmllib/extjs/resources/css/xtheme-vista.css to hypervm/httpdocs/htmllib/extjs/resources/css/xthemey/A-Z/a-z/ista.css failed: No such file or directory
rename: renaming hypervm/httpdocs/htmllib/extjs/resources/images/aero/grid/grid-vista-hd.gif to hypervm/httpdocs/htmllib/extjs/resources/images/aero/grid/gridy/A-Z/a-z/ista-hd.gif failed: No such file or directory
rename: renaming hypervm/httpdocs/htmllib/extjs/resources/images/default/grid/grid-vista-hd.gif to hypervm/httpdocs/htmllib/extjs/resources/images/default/grid/gridy/A-Z/a-z/ista-hd.gif failed: No such file or directory
rename: renaming hypervm/httpdocs/htmllib/extjs/resources/images/vista/grid/grid-vista-hd.gif to hypervm/httpdocs/htmllib/extjs/resources/images/vista/grid/gridy/A-Z/a-z/ista-hd.gif failed: No such file or directory
rename: renaming hypervm/httpdocs/htmllib/extjs/build/locale/ext-lang-vn-min.js to hypervm/httpdocs/htmllib/extjs/build/locale/ext-langy/A-Z/a-z/n-min.js failed: No such file or directory
rename: renaming hypervm/httpdocs/htmllib/extjs/source/locale/ext-lang-vn.js to hypervm/httpdocs/htmllib/extjs/source/locale/ext-langy/A-Z/a-z/n.js failed: No such file or directory
rename: renaming hypervm/httpdocs/htmllib/extjs/examples/layout/feed-viewer.js to hypervm/httpdocs/htmllib/extjs/examples/layout/feedy/A-Z/a-z/iewer.js failed: No such file or directory
rename: renaming hypervm/httpdocs/htmllib/extjs/examples/layout/feed-viewer.css to hypervm/httpdocs/htmllib/extjs/examples/layout/feedy/A-Z/a-z/iewer.css failed: No such file or directory
rename: renaming hypervm/httpdocs/htmllib/extjs/examples/layout/feed-viewer.html to hypervm/httpdocs/htmllib/extjs/examples/layout/feedy/A-Z/a-z/iewer.html failed: No such file or directory
rename: renaming hypervm/httpdocs/img/extjs/aero/grid/grid-vista-hd.gif to hypervm/httpdocs/img/extjs/aero/grid/gridy/A-Z/a-z/ista-hd.gif failed: No such file or directory
rename: renaming hypervm/httpdocs/img/extjs/default/grid/grid-vista-hd.gif to hypervm/httpdocs/img/extjs/default/grid/gridy/A-Z/a-z/ista-hd.gif failed: No such file or directory
rename: renaming hypervm/httpdocs/img/extjs/vista/grid/grid-vista-hd.gif to hypervm/httpdocs/img/extjs/vista/grid/gridy/A-Z/a-z/ista-hd.gif failed: No such file or directory
rename: renaming hypervm/httpdocs/remove_bin/fix/shift-vpsid.php to hypervm/httpdocs/remove_bin/fix/shifty/A-Z/a-z/psid.php failed: No such file or directory
rename: renaming hypervm/file/sysfile/openvz/ve-vps.basic.conf-sample to hypervm/file/sysfile/openvz/vey/A-Z/a-z/ps.basic.conf-sample failed: No such file or directory
rename: renaming hypervm/pscript/shift-vpsid to hypervm/pscript/shifty/A-Z/a-z/psid failed: No such file or directory
rename: renaming hypervm/bin/fix/shift-vpsid.php to hypervm/bin/fix/shifty/A-Z/a-z/psid.php failed: No such file or directory
rename: renaming hypervm-img/extjs/aero/grid/grid-vista-hd.gif to hypervm-img/extjs/aero/grid/gridy/A-Z/a-z/ista-hd.gif failed: No such file or directory
rename: renaming hypervm-img/extjs/default/grid/grid-vista-hd.gif to hypervm-img/extjs/default/grid/gridy/A-Z/a-z/ista-hd.gif failed: No such file or directory
rename: renaming hypervm-img/extjs/vista/grid/grid-vista-hd.gif to hypervm-img/extjs/vista/grid/gridy/A-Z/a-z/ista-hd.gif failed: No such file or directory
rename: renaming program-lxetc/vim/multi-value.vim to program-lxetc/vim/multiy/A-Z/a-z/alue.vim failed: No such file or directory
